Arguments: 
  C:\Program Files\nodejs\node.exe C:\Users\Administrator\AppData\Roaming\npm\node_modules\yarn\bin\yarn.js

PATH: 
  D:\Xftp6\;D:\Xshell6\;D:\PostgreSQL\bin;D:\PostgreSQL\bin;D:\curl\curl-7.62.0_1-win64-mingw\curl-7.62.0-win64-mingw\bin;C:\Program Files\nodejs;D:\Ruby25-x64\bin;C:\Program Files (x86)\Common Files\Intel\Shared Libraries\redist\intel64_win\compiler;E:\Ruby24-x64\bin;C:\Windows\system32;C:\Windows;C:\Windows\System32\Wbem;C:\Windows\System32\WindowsPowerShell\v1.0\;C:\Program Files (x86)\Microsoft SQL Server\100\Tools\Binn\;C:\Program Files\Microsoft SQL Server\100\Tools\Binn\;C:\Program Files\Microsoft SQL Server\100\DTS\Binn\;C:\Program Files (x86)\Microsoft SQL Server\100\Tools\Binn\VSShell\Common7\IDE\;C:\Program Files (x86)\Microsoft SQL Server\100\DTS\Binn\;C:\Program Files (x86)\Microsoft Visual Studio 9.0\Common7\IDE\PrivateAssemblies\;C:\Program Files\Java\jdk1.8.0_91\bin;C:\Program Files\Java\jdk1.8.0_91\jre\bin;C:\Program Files\dotnet\;E:\Program Files (x86)\Python36-32\Scripts\;E:\Program Files (x86)\Python36-32\;C:\Users\Administrator\AppData\Local\Android\sdk\platform-tools;C:\Users\Administrator\AppData\Local\Android\sdk\tools;E:\Program Files (x86)\Subversion\bin;C:\Program Files\Microsoft SQL Server\130\Tools\Binn\;E:\Program Files\Git\cmd;C:\Program Files (x86)\Calibre2\;C:\Program Files\TortoiseSVN\bin;D:\Microsoft VS Code\bin;C:\Program Files\Microsoft SQL Server\Client SDK\ODBC\110\Tools\Binn\;C:\Program Files (x86)\Microsoft SQL Server\120\Tools\Binn\;C:\Program Files\Microsoft SQL Server\120\Tools\Binn\;C:\Program Files\Microsoft SQL Server\120\DTS\Binn\;C:\Program Files (x86)\Microsoft SQL Server\120\Tools\Binn\ManagementStudio\;C:\Program Files (x86)\Microsoft SQL Server\120\DTS\Binn\;E:\Strwaberry\c\bin;E:\Strwaberry\perl\site\bin;E:\Strwaberry\perl\bin;C:\Program Files (x86)\GitExtensions\;C:\Users\Administrator\AppData\Local\Yarn\bin;C:\Users\Administrator\AppData\Roaming\npm;D:\MongoDB\bin;D:\nvm;C:\Program Files\nodejs

Yarn version: 
  1.9.4

Node version: 
  8.12.0

Platform: 
  win32 x64

Trace: 
  SyntaxError: F:\赖彬鸿\git-project\usual\react-ssr\server\package.json: Unexpected token } in JSON at position 617
      at JSON.parse (<anonymous>)
      at C:\Users\Administrator\AppData\Roaming\npm\node_modules\yarn\lib\cli.js:1130:59
      at Generator.next (<anonymous>)
      at step (C:\Users\Administrator\AppData\Roaming\npm\node_modules\yarn\lib\cli.js:92:30)
      at C:\Users\Administrator\AppData\Roaming\npm\node_modules\yarn\lib\cli.js:103:13
      at <anonymous>

npm manifest: 
  {
    "name": "server",
    "version": "1.0.0",
    "description": "react-ssr",
    "main": "index.js",
    "scripts": {
      "start": "node ./src/index.js",
      "test": "echo \"Error: no test specified\" && exit 1"
    },
    "keywords": [
      "react",
      "ssr"
    ],
    "author": "lbh",
    "license": "ISC",
    "dependencies": {
      "babel-core": "^6.26.3",
      "babel-loader": "^7.1.5",
      "babel-preset-env": "^1.7.0",
      "babel-preset-react": "^6.24.1",
      "babel-preset-stage-0": "^6.24.1",
      "express": "^4.16.4",
      "react": "^16.8.6",
      "react-dom": "^16.8.6",
      "webpack": "^4.29.6",
      "webpack-cli": "^3.3.0",
    }
  }

yarn manifest: 
  No manifest

Lockfile: 
  No lockfile
